<?xml version="1.0" encoding="UTF-8"?>
<!-- Generated by org.testng.reporters.JUnitReportReporter -->
<testsuite hostname="DESKTOP-1SHUURM" failures="0" tests="1" name="FirstTest" time="1.833" errors="0" timestamp="2020-04-26T19:04:20 EEST" skipped="0">
  <testcase classname="FirstTest" name="logInPageTest" time="1.833"/>
</testsuite> <!-- FirstTest -->
