<?xml version="1.0" encoding="UTF-8"?>
<!-- Generated by org.testng.reporters.JUnitReportReporter -->
<testsuite hostname="DESKTOP-1SHUURM" failures="0" tests="1" name="FirstTest" time="2.324" errors="0" timestamp="2020-04-28T20:39:49 EEST" skipped="0">
  <testcase classname="FirstTest" name="logInPageTest" time="2.324"/>
</testsuite> <!-- FirstTest -->
