<?xml version="1.0" encoding="UTF-8"?>
<!-- Generated by org.testng.reporters.JUnitReportReporter -->
<testsuite hostname="DESKTOP-1SHUURM" failures="0" tests="1" name="FirstTest" time="1.780" errors="0" timestamp="2020-04-28T20:08:44 EEST" skipped="0">
  <testcase classname="FirstTest" name="logInPageTest" time="1.780"/>
</testsuite> <!-- FirstTest -->
